<?xml version="1.0" encoding="UTF-8"?>
<!-- Generated by org.testng.reporters.JUnitReportReporter -->
<testsuite hostname="DESKTOP-HHB522J" failures="0" tests="1" name="com.hgk.OrangeHRM_Automate.OrangeHRM_E2E.TestRunBaseClass" time="15.792" errors="0" timestamp="2025-10-02T18:01:30 IST" skipped="0">
  <testcase classname="com.hgk.OrangeHRM_Automate.OrangeHRM_E2E.TestRunBaseClass" name="loginPageTest" time="15.792"/>
</testsuite> <!-- com.hgk.OrangeHRM_Automate.OrangeHRM_E2E.TestRunBaseClass -->
