<?xml version="1.0" encoding="UTF-8"?>
<!-- Generated by org.testng.reporters.JUnitReportReporter -->
<testsuite hostname="DESKTOP-HHB522J" failures="0" tests="1" name="orangeHRM_E2E.BrowserInIt.BrowserInItPage" time="10.153" errors="0" timestamp="2025-09-29T21:57:43 IST" skipped="0">
  <testcase classname="orangeHRM_E2E.BrowserInIt.BrowserInItPage" name="browser" time="10.153"/>
</testsuite> <!-- orangeHRM_E2E.BrowserInIt.BrowserInItPage -->
